<?xml version="1.0" encoding="UTF-8"?>
<!-- Generated by org.testng.reporters.JUnitReportReporter -->
<testsuite hostname="DESKTOP-UU5MJ9K" failures="0" tests="1" name="com.xeroFrameworkNikhat.testcases.LogIntoXero" time="1.841" errors="1" timestamp="19 Aug 2021 10:48:21 GMT" skipped="0">
  <testcase classname="com.xeroFrameworkNikhat.testcases.LogIntoXero" name="logIn" time="1.841">
    <error message="session not created: This version of ChromeDriver only supports Chrome version 84
Build info: version: &#039;3.141.59&#039;, revision: &#039;e82be7d358&#039;, time: &#039;2018-11-14T08:17:03&#039;
System info: host: &#039;DESKTOP-UU5MJ9K&#039;, ip: &#039;192.168.20.6&#039;, os.name: &#039;Windows 10&#039;, os.arch: &#039;amd64&#039;, os.version: &#039;10.0&#039;, java.version: &#039;14.0.2&#039;
Driver info: driver.version: ChromeDriver
remote stacktrace: Backtrace:
	Ordinal0 [0x00FE87E3+2852835]
	Ordinal0 [0x00ED5BB1+1727409]
	Ordinal0 [0x00DAE4B9+517305]
	Ordinal0 [0x00D40BA0+68512]
	Ordinal0 [0x00D3D3A0+54176]
	Ordinal0 [0x00D5D9F7+186871]
	Ordinal0 [0x00D5D7FD+186365]
	Ordinal0 [0x00D5B70B+177931]
	Ordinal0 [0x00D42584+75140]
	Ordinal0 [0x00D43650+79440]
	Ordinal0 [0x00D435E9+79337]
	Ordinal0 [0x00EEAD5C+1813852]
	GetHandleVerifier [0x0110C616+1075574]
	GetHandleVerifier [0x0110C367+1074887]
	GetHandleVerifier [0x01117497+1120247]
	GetHandleVerifier [0x0110CC16+1077110]
	Ordinal0 [0x00EE3206+1782278]
	Ordinal0 [0x00EEC3BB+1819579]
	Ordinal0 [0x00EEC523+1819939]
	Ordinal0 [0x00F02B45+1911621]
	BaseThreadInitThunk [0x76B4FA29+25]
	RtlGetAppContainerNamedObjectPath [0x77607A7E+286]
	RtlGetAppContainerNamedObjectPath [0x77607A4E+238]
" type="org.openqa.selenium.SessionNotCreatedException">
      <![CDATA[org.openqa.selenium.SessionNotCreatedException: session not created: This version of ChromeDriver only supports Chrome version 84
Build info: version: '3.141.59', revision: 'e82be7d358', time: '2018-11-14T08:17:03'
System info: host: 'DESKTOP-UU5MJ9K', ip: '192.168.20.6', os.name: 'Windows 10', os.arch: 'amd64', os.version: '10.0', java.version: '14.0.2'
Driver info: driver.version: ChromeDriver
remote stacktrace: Backtrace:
Ordinal0 [0x00FE87E3+2852835]
Ordinal0 [0x00ED5BB1+1727409]
Ordinal0 [0x00DAE4B9+517305]
Ordinal0 [0x00D40BA0+68512]
Ordinal0 [0x00D3D3A0+54176]
Ordinal0 [0x00D5D9F7+186871]
Ordinal0 [0x00D5D7FD+186365]
Ordinal0 [0x00D5B70B+177931]
Ordinal0 [0x00D42584+75140]
Ordinal0 [0x00D43650+79440]
Ordinal0 [0x00D435E9+79337]
Ordinal0 [0x00EEAD5C+1813852]
GetHandleVerifier [0x0110C616+1075574]
GetHandleVerifier [0x0110C367+1074887]
GetHandleVerifier [0x01117497+1120247]
GetHandleVerifier [0x0110CC16+1077110]
Ordinal0 [0x00EE3206+1782278]
Ordinal0 [0x00EEC3BB+1819579]
Ordinal0 [0x00EEC523+1819939]
Ordinal0 [0x00F02B45+1911621]
BaseThreadInitThunk [0x76B4FA29+25]
RtlGetAppContainerNamedObjectPath [0x77607A7E+286]
RtlGetAppContainerNamedObjectPath [0x77607A4E+238]

at java.base/jdk.internal.reflect.NativeConstructorAccessorImpl.newInstance0(Native Method)
at java.base/jdk.internal.reflect.NativeConstructorAccessorImpl.newInstance(NativeConstructorAccessorImpl.java:62)
at java.base/jdk.internal.reflect.DelegatingConstructorAccessorImpl.newInstance(DelegatingConstructorAccessorImpl.java:45)
at java.base/java.lang.reflect.Constructor.newInstanceWithCaller(Constructor.java:500)
at java.base/java.lang.reflect.Constructor.newInstance(Constructor.java:481)
at org.openqa.selenium.remote.W3CHandshakeResponse.lambda$errorHandler$0(W3CHandshakeResponse.java:62)
at org.openqa.selenium.remote.HandshakeResponse.lambda$getResponseFunction$0(HandshakeResponse.java:30)
at org.openqa.selenium.remote.ProtocolHandshake.lambda$createSession$0(ProtocolHandshake.java:126)
at java.base/java.util.stream.ReferencePipeline$3$1.accept(ReferencePipeline.java:195)
at java.base/java.util.Spliterators$ArraySpliterator.tryAdvance(Spliterators.java:958)
at java.base/java.util.stream.ReferencePipeline.forEachWithCancel(ReferencePipeline.java:127)
at java.base/java.util.stream.AbstractPipeline.copyIntoWithCancel(AbstractPipeline.java:502)
at java.base/java.util.stream.AbstractPipeline.copyInto(AbstractPipeline.java:488)
at java.base/java.util.stream.AbstractPipeline.wrapAndCopyInto(AbstractPipeline.java:474)
at java.base/java.util.stream.FindOps$FindOp.evaluateSequential(FindOps.java:150)
at java.base/java.util.stream.AbstractPipeline.evaluate(AbstractPipeline.java:234)
at java.base/java.util.stream.ReferencePipeline.findFirst(ReferencePipeline.java:543)
at org.openqa.selenium.remote.ProtocolHandshake.createSession(ProtocolHandshake.java:128)
at org.openqa.selenium.remote.ProtocolHandshake.createSession(ProtocolHandshake.java:74)
at org.openqa.selenium.remote.HttpCommandExecutor.execute(HttpCommandExecutor.java:136)
at org.openqa.selenium.remote.service.DriverCommandExecutor.execute(DriverCommandExecutor.java:83)
at org.openqa.selenium.remote.RemoteWebDriver.execute(RemoteWebDriver.java:552)
at org.openqa.selenium.remote.RemoteWebDriver.startSession(RemoteWebDriver.java:213)
at org.openqa.selenium.remote.RemoteWebDriver.<init>(RemoteWebDriver.java:131)
at org.openqa.selenium.chrome.ChromeDriver.<init>(ChromeDriver.java:181)
at org.openqa.selenium.chrome.ChromeDriver.<init>(ChromeDriver.java:168)
at org.openqa.selenium.chrome.ChromeDriver.<init>(ChromeDriver.java:123)
at com.xeroFrameworkNikhat.Utilities.BrowserPopulator.openURL(BrowserPopulator.java:19)
at com.xeroFrameworkNikhat.testcases.LogIntoXero.logIn(LogIntoXero.java:16)
at java.base/jdk.internal.reflect.NativeMethodAccessorImpl.invoke0(Native Method)
at java.base/jdk.internal.reflect.NativeMethodAccessorImpl.invoke(NativeMethodAccessorImpl.java:62)
at java.base/jdk.internal.reflect.DelegatingMethodAccessorImpl.invoke(DelegatingMethodAccessorImpl.java:43)
at java.base/java.lang.reflect.Method.invoke(Method.java:564)
at org.testng.internal.MethodInvocationHelper.invokeMethod(MethodInvocationHelper.java:124)
at org.testng.internal.Invoker.invokeMethod(Invoker.java:583)
at org.testng.internal.Invoker.invokeTestMethod(Invoker.java:719)
at org.testng.internal.Invoker.invokeTestMethods(Invoker.java:989)
at org.testng.internal.TestMethodWorker.invokeTestMethods(TestMethodWorker.java:125)
at org.testng.internal.TestMethodWorker.run(TestMethodWorker.java:109)
at org.testng.TestRunner.privateRun(TestRunner.java:648)
at org.testng.TestRunner.run(TestRunner.java:505)
at org.testng.SuiteRunner.runTest(SuiteRunner.java:455)
at org.testng.SuiteRunner.runSequentially(SuiteRunner.java:450)
at org.testng.SuiteRunner.privateRun(SuiteRunner.java:415)
at org.testng.SuiteRunner.run(SuiteRunner.java:364)
at org.testng.SuiteRunnerWorker.runSuite(SuiteRunnerWorker.java:52)
at org.testng.SuiteRunnerWorker.run(SuiteRunnerWorker.java:84)
at org.testng.TestNG.runSuitesSequentially(TestNG.java:1208)
at org.testng.TestNG.runSuitesLocally(TestNG.java:1137)
at org.testng.TestNG.runSuites(TestNG.java:1049)
at org.testng.TestNG.run(TestNG.java:1017)
at org.testng.remote.AbstractRemoteTestNG.run(AbstractRemoteTestNG.java:115)
at org.testng.remote.RemoteTestNG.initAndRun(RemoteTestNG.java:251)
at org.testng.remote.RemoteTestNG.main(RemoteTestNG.java:77)
]]>
    </error>
  </testcase> <!-- logIn -->
</testsuite> <!-- com.xeroFrameworkNikhat.testcases.LogIntoXero -->
